2019-08-25T21:20:27+00:00 CRITICAL Uncaught Error: Class 'SimpleXMLElement' not found in /home/mury/vhosts/mkkoffroad/blog/wp-content/plugins/woocommerce-pagseguro/includes/class-wc-pagseguro-xml.php:16
Stack trace:
#0 /home/mury/vhosts/mkkoffroad/blog/wp-content/plugins/woocommerce-pagseguro/includes/class-wc-pagseguro.php(72): include_once()
#1 /home/mury/vhosts/mkkoffroad/blog/wp-content/plugins/woocommerce-pagseguro/includes/class-wc-pagseguro.php(22): WC_PagSeguro::includes()
#2 /home/mury/vhosts/mkkoffroad/blog/wp-includes/class-wp-hook.php(286): WC_PagSeguro::init('')
#3 /home/mury/vhosts/mkkoffroad/blog/wp-includes/class-wp-hook.php(310): WP_Hook->apply_filters(Object(WC_Frenet_Main), Array)
#4 /home/mury/vhosts/mkkoffroad/blog/wp-includes/plugin.php(453): WP_Hook->do_action(Array)
#5 /home/mury/vhosts/mkkoffroad/blog/wp-settings.php(327): do_action('plugins_loaded')
#6 /home/mury/vhosts/mkkoffroad/blog/wp-config.php(96): require_once('/home/mury/vhos...')
#7 /home/mury/vhosts/mkkoffroad/blog/wp-load.php(37): require_once('/home/mury/v, em /home/mury/vhosts/mkkoffroad/blog/wp-content/plugins/woocommerce-pagseguro/includes/class-wc-pagseguro-xml.php, na linha 16

2019-08-25T21:20:57+00:00 CRITICAL Uncaught Error: Class 'SimpleXMLElement' not found in /home/mury/vhosts/mkkoffroad/blog/wp-content/plugins/woocommerce-pagseguro/includes/class-wc-pagseguro-xml.php:16
Stack trace:
#0 /home/mury/vhosts/mkkoffroad/blog/wp-content/plugins/woocommerce-pagseguro/includes/class-wc-pagseguro.php(72): include_once()
#1 /home/mury/vhosts/mkkoffroad/blog/wp-content/plugins/woocommerce-pagseguro/includes/class-wc-pagseguro.php(22): WC_PagSeguro::includes()
#2 /home/mury/vhosts/mkkoffroad/blog/wp-includes/class-wp-hook.php(286): WC_PagSeguro::init('')
#3 /home/mury/vhosts/mkkoffroad/blog/wp-includes/class-wp-hook.php(310): WP_Hook->apply_filters(Object(WC_Frenet_Main), Array)
#4 /home/mury/vhosts/mkkoffroad/blog/wp-includes/plugin.php(453): WP_Hook->do_action(Array)
#5 /home/mury/vhosts/mkkoffroad/blog/wp-settings.php(327): do_action('plugins_loaded')
#6 /home/mury/vhosts/mkkoffroad/blog/wp-config.php(96): require_once('/home/mury/vhos...')
#7 /home/mury/vhosts/mkkoffroad/blog/wp-load.php(37): require_once('/home/mury/v, em /home/mury/vhosts/mkkoffroad/blog/wp-content/plugins/woocommerce-pagseguro/includes/class-wc-pagseguro-xml.php, na linha 16

2019-08-25T21:21:30+00:00 CRITICAL Uncaught Error: Class 'SimpleXMLElement' not found in /home/mury/vhosts/mkkoffroad/blog/wp-content/plugins/woocommerce-pagseguro/includes/class-wc-pagseguro-xml.php:16
Stack trace:
#0 /home/mury/vhosts/mkkoffroad/blog/wp-content/plugins/woocommerce-pagseguro/includes/class-wc-pagseguro.php(72): include_once()
#1 /home/mury/vhosts/mkkoffroad/blog/wp-content/plugins/woocommerce-pagseguro/includes/class-wc-pagseguro.php(22): WC_PagSeguro::includes()
#2 /home/mury/vhosts/mkkoffroad/blog/wp-includes/class-wp-hook.php(286): WC_PagSeguro::init('')
#3 /home/mury/vhosts/mkkoffroad/blog/wp-includes/class-wp-hook.php(310): WP_Hook->apply_filters(Object(WC_Frenet_Main), Array)
#4 /home/mury/vhosts/mkkoffroad/blog/wp-includes/plugin.php(453): WP_Hook->do_action(Array)
#5 /home/mury/vhosts/mkkoffroad/blog/wp-settings.php(327): do_action('plugins_loaded')
#6 /home/mury/vhosts/mkkoffroad/blog/wp-config.php(96): require_once('/home/mury/vhos...')
#7 /home/mury/vhosts/mkkoffroad/blog/wp-load.php(37): require_once('/home/mury/v, em /home/mury/vhosts/mkkoffroad/blog/wp-content/plugins/woocommerce-pagseguro/includes/class-wc-pagseguro-xml.php, na linha 16

